0 info it worked if it ends with ok
1 verbose cli [ '/usr/bin/node', '/usr/bin/npm', 'run', 'build' ]
2 info using npm@3.10.10
3 info using node@v6.14.4
4 verbose run-script [ 'prebuild', 'build', 'postbuild' ]
5 info lifecycle dfs_ny@0.1.0~prebuild: dfs_ny@0.1.0
6 silly lifecycle dfs_ny@0.1.0~prebuild: no script for prebuild, continuing
7 info lifecycle dfs_ny@0.1.0~build: dfs_ny@0.1.0
8 verbose lifecycle dfs_ny@0.1.0~build: unsafe-perm in lifecycle true
9 verbose lifecycle dfs_ny@0.1.0~build: PATH: /usr/lib/node_modules/npm/bin/node-gyp-bin:/var/www/nydfs/docroot/profiles/custom/webny/themes/custom/dfs_ny/node_modules/.bin:/home/vagrant/bin:/home/vagrant/.local/bin:/home/vagrant/.npm-global/bin:/usr/local/sbin:/usr/local/bin:/usr/sbin:/usr/bin:/sbin:/bin:/usr/games:/usr/local/games:/home/vagrant/.composer/vendor/bin
10 verbose lifecycle dfs_ny@0.1.0~build: CWD: /var/www/nydfs/docroot/profiles/custom/webny/themes/custom/dfs_ny
11 silly lifecycle dfs_ny@0.1.0~build: Args: [ '-c', 'gulp' ]
12 silly lifecycle dfs_ny@0.1.0~build: Returned: code: 1  signal: null
13 info lifecycle dfs_ny@0.1.0~build: Failed to exec build script
14 verbose stack Error: dfs_ny@0.1.0 build: `gulp`
14 verbose stack Exit status 1
14 verbose stack     at EventEmitter.<anonymous> (/usr/lib/node_modules/npm/lib/utils/lifecycle.js:255:16)
14 verbose stack     at emitTwo (events.js:106:13)
14 verbose stack     at EventEmitter.emit (events.js:191:7)
14 verbose stack     at ChildProcess.<anonymous> (/usr/lib/node_modules/npm/lib/utils/spawn.js:40:14)
14 verbose stack     at emitTwo (events.js:106:13)
14 verbose stack     at ChildProcess.emit (events.js:191:7)
14 verbose stack     at maybeClose (internal/child_process.js:920:16)
14 verbose stack     at Process.ChildProcess._handle.onexit (internal/child_process.js:230:5)
15 verbose pkgid dfs_ny@0.1.0
16 verbose cwd /var/www/nydfs/docroot/profiles/custom/webny/themes/custom/dfs_ny
17 error Linux 4.4.0-131-generic
18 error argv "/usr/bin/node" "/usr/bin/npm" "run" "build"
19 error node v6.14.4
20 error npm  v3.10.10
21 error code ELIFECYCLE
22 error dfs_ny@0.1.0 build: `gulp`
22 error Exit status 1
23 error Failed at the dfs_ny@0.1.0 build script 'gulp'.
23 error Make sure you have the latest version of node.js and npm installed.
23 error If you do, this is most likely a problem with the dfs_ny package,
23 error not with npm itself.
23 error Tell the author that this fails on your system:
23 error     gulp
23 error You can get information on how to open an issue for this project with:
23 error     npm bugs dfs_ny
23 error Or if that isn't available, you can get their info via:
23 error     npm owner ls dfs_ny
23 error There is likely additional logging output above.
24 verbose exit [ 1, true ]
